{"D:\\dev\\1-modern-sw\\week6\\modern-sw\\week6\\src\\src\\userManager.js": {"path":"D:\\dev\\1-modern-sw\\week6\\modern-sw\\week6\\src\\src\\userManager.js","statementMap":{"0":{"start":{"line":25,"column":12},"end":{"line":25,"column":21}},"1":{"start":{"line":26,"column":13},"end":{"line":26,"column":14}},"2":{"start":{"line":29,"column":2},"end":{"line":29,"column":16}},"3":{"start":{"line":30,"column":2},"end":{"line":30,"column":13}},"4":{"start":{"line":34,"column":2},"end":{"line":34,"column":36}},"5":{"start":{"line":34,"column":23},"end":{"line":34,"column":36}},"6":{"start":{"line":36,"column":18},"end":{"line":36,"column":45}},"7":{"start":{"line":37,"column":2},"end":{"line":37,"column":29}},"8":{"start":{"line":38,"column":2},"end":{"line":38,"column":11}},"9":{"start":{"line":40,"column":2},"end":{"line":40,"column":17}},"10":{"start":{"line":44,"column":2},"end":{"line":44,"column":36}},"11":{"start":{"line":47,"column":0},"end":{"line":47,"column":51}}},"fnMap":{"0":{"name":"resetUsers","decl":{"start":{"line":28,"column":9},"end":{"line":28,"column":19}},"loc":{"start":{"line":28,"column":22},"end":{"line":31,"column":1}},"line":28},"1":{"name":"addUser","decl":{"start":{"line":33,"column":9},"end":{"line":33,"column":16}},"loc":{"start":{"line":33,"column":30},"end":{"line":41,"column":1}},"line":33},"2":{"name":"getUsers","decl":{"start":{"line":43,"column":9},"end":{"line":43,"column":17}},"loc":{"start":{"line":43,"column":20},"end":{"line":45,"column":1}},"line":43}},"branchMap":{"0":{"loc":{"start":{"line":34,"column":2},"end":{"line":34,"column":36}},"type":"if","locations":[{"start":{"line":34,"column":2},"end":{"line":34,"column":36}},{"start":{},"end":{}}],"line":34},"1":{"loc":{"start":{"line":34,"column":6},"end":{"line":34,"column":21}},"type":"binary-expr","locations":[{"start":{"line":34,"column":6},"end":{"line":34,"column":11}},{"start":{"line":34,"column":15},"end":{"line":34,"column":21}}],"line":34}},"s":{"0":1,"1":1,"2":2,"3":2,"4":3,"5":0,"6":3,"7":3,"8":3,"9":3,"10":2,"11":1},"f":{"0":2,"1":3,"2":2},"b":{"0":[0,3],"1":[3,3]},"_coverageSchema":"1a1c01bbd47fc00a2c39e90264f33305004495a9","hash":"9ef697a94963159211a93dcb9cfd9bed587e4581"}
}
