{"D:\\dev\\1-modern-sw\\sessions\\session6\\material\\src\\blogManager.js": {"path":"D:\\dev\\1-modern-sw\\sessions\\session6\\material\\src\\blogManager.js","statementMap":{"0":{"start":{"line":25,"column":12},"end":{"line":25,"column":21}},"1":{"start":{"line":26,"column":13},"end":{"line":26,"column":14}},"2":{"start":{"line":29,"column":2},"end":{"line":29,"column":16}},"3":{"start":{"line":30,"column":2},"end":{"line":30,"column":13}},"4":{"start":{"line":34,"column":2},"end":{"line":34,"column":39}},"5":{"start":{"line":34,"column":26},"end":{"line":34,"column":39}},"6":{"start":{"line":36,"column":18},"end":{"line":36,"column":48}},"7":{"start":{"line":37,"column":2},"end":{"line":37,"column":29}},"8":{"start":{"line":38,"column":2},"end":{"line":38,"column":11}},"9":{"start":{"line":40,"column":2},"end":{"line":40,"column":17}},"10":{"start":{"line":44,"column":2},"end":{"line":44,"column":36}},"11":{"start":{"line":47,"column":0},"end":{"line":47,"column":51}}},"fnMap":{"0":{"name":"resetBlogs","decl":{"start":{"line":28,"column":9},"end":{"line":28,"column":19}},"loc":{"start":{"line":28,"column":22},"end":{"line":31,"column":1}},"line":28},"1":{"name":"addBlog","decl":{"start":{"line":33,"column":9},"end":{"line":33,"column":16}},"loc":{"start":{"line":33,"column":33},"end":{"line":41,"column":1}},"line":33},"2":{"name":"getBlogs","decl":{"start":{"line":43,"column":9},"end":{"line":43,"column":17}},"loc":{"start":{"line":43,"column":20},"end":{"line":45,"column":1}},"line":43}},"branchMap":{"0":{"loc":{"start":{"line":34,"column":2},"end":{"line":34,"column":39}},"type":"if","locations":[{"start":{"line":34,"column":2},"end":{"line":34,"column":39}},{"start":{},"end":{}}],"line":34},"1":{"loc":{"start":{"line":34,"column":6},"end":{"line":34,"column":24}},"type":"binary-expr","locations":[{"start":{"line":34,"column":6},"end":{"line":34,"column":12}},{"start":{"line":34,"column":16},"end":{"line":34,"column":24}}],"line":34}},"s":{"0":1,"1":1,"2":3,"3":3,"4":4,"5":1,"6":3,"7":3,"8":3,"9":3,"10":2,"11":1},"f":{"0":3,"1":4,"2":2},"b":{"0":[1,3],"1":[4,4]},"_coverageSchema":"1a1c01bbd47fc00a2c39e90264f33305004495a9","hash":"4b580fb224561fff0518b074c05e4690485b21e7"}
,"D:\\dev\\1-modern-sw\\sessions\\session6\\material\\src\\calculator.js": {"path":"D:\\dev\\1-modern-sw\\sessions\\session6\\material\\src\\calculator.js","statementMap":{"0":{"start":{"line":1,"column":19},"end":{"line":8,"column":1}},"1":{"start":{"line":2,"column":19},"end":{"line":2,"column":24}},"2":{"start":{"line":3,"column":24},"end":{"line":3,"column":29}},"3":{"start":{"line":5,"column":8},"end":{"line":5,"column":62}},"4":{"start":{"line":5,"column":21},"end":{"line":5,"column":62}},"5":{"start":{"line":6,"column":8},"end":{"line":6,"column":21}},"6":{"start":{"line":10,"column":0},"end":{"line":10,"column":28}}},"fnMap":{"0":{"name":"(anonymous_0)","decl":{"start":{"line":2,"column":9},"end":{"line":2,"column":10}},"loc":{"start":{"line":2,"column":19},"end":{"line":2,"column":24}},"line":2},"1":{"name":"(anonymous_1)","decl":{"start":{"line":3,"column":14},"end":{"line":3,"column":15}},"loc":{"start":{"line":3,"column":24},"end":{"line":3,"column":29}},"line":3},"2":{"name":"(anonymous_2)","decl":{"start":{"line":4,"column":12},"end":{"line":4,"column":13}},"loc":{"start":{"line":4,"column":22},"end":{"line":7,"column":5}},"line":4}},"branchMap":{"0":{"loc":{"start":{"line":5,"column":8},"end":{"line":5,"column":62}},"type":"if","locations":[{"start":{"line":5,"column":8},"end":{"line":5,"column":62}},{"start":{},"end":{}}],"line":5}},"s":{"0":1,"1":2,"2":2,"3":2,"4":1,"5":1,"6":1},"f":{"0":2,"1":2,"2":2},"b":{"0":[1,1]},"_coverageSchema":"1a1c01bbd47fc00a2c39e90264f33305004495a9","hash":"8b48609010e679ee12fc8c642d63cdb41c546566"}
,"D:\\dev\\1-modern-sw\\sessions\\session6\\material\\src\\petManager1.js": {"path":"D:\\dev\\1-modern-sw\\sessions\\session6\\material\\src\\petManager1.js","statementMap":{"0":{"start":{"line":1,"column":17},"end":{"line":1,"column":19}},"1":{"start":{"line":2,"column":13},"end":{"line":2,"column":14}},"2":{"start":{"line":5,"column":2},"end":{"line":5,"column":13}},"3":{"start":{"line":6,"column":2},"end":{"line":6,"column":22}},"4":{"start":{"line":10,"column":2},"end":{"line":12,"column":3}},"5":{"start":{"line":11,"column":4},"end":{"line":11,"column":17}},"6":{"start":{"line":14,"column":17},"end":{"line":21,"column":3}},"7":{"start":{"line":23,"column":2},"end":{"line":23,"column":24}},"8":{"start":{"line":24,"column":2},"end":{"line":24,"column":16}},"9":{"start":{"line":28,"column":0},"end":{"line":28,"column":49}}},"fnMap":{"0":{"name":"resetState","decl":{"start":{"line":4,"column":9},"end":{"line":4,"column":19}},"loc":{"start":{"line":4,"column":22},"end":{"line":7,"column":1}},"line":4},"1":{"name":"addOne","decl":{"start":{"line":9,"column":9},"end":{"line":9,"column":15}},"loc":{"start":{"line":9,"column":51},"end":{"line":25,"column":1}},"line":9}},"branchMap":{"0":{"loc":{"start":{"line":10,"column":2},"end":{"line":12,"column":3}},"type":"if","locations":[{"start":{"line":10,"column":2},"end":{"line":12,"column":3}},{"start":{},"end":{}}],"line":10},"1":{"loc":{"start":{"line":10,"column":6},"end":{"line":10,"column":52}},"type":"binary-expr","locations":[{"start":{"line":10,"column":6},"end":{"line":10,"column":11}},{"start":{"line":10,"column":15},"end":{"line":10,"column":23}},{"start":{"line":10,"column":27},"end":{"line":10,"column":31}},{"start":{"line":10,"column":35},"end":{"line":10,"column":41}},{"start":{"line":10,"column":45},"end":{"line":10,"column":52}}],"line":10}},"s":{"0":1,"1":1,"2":2,"3":2,"4":3,"5":2,"6":1,"7":1,"8":1,"9":1},"f":{"0":2,"1":3},"b":{"0":[2,1],"1":[3,2,2,2,2]},"_coverageSchema":"1a1c01bbd47fc00a2c39e90264f33305004495a9","hash":"1fd04a2bac66052ea1794b74d7dc68f5d2f9b7f2"}
,"D:\\dev\\1-modern-sw\\sessions\\session6\\material\\src\\petManager2.js": {"path":"D:\\dev\\1-modern-sw\\sessions\\session6\\material\\src\\petManager2.js","statementMap":{"0":{"start":{"line":1,"column":17},"end":{"line":1,"column":19}},"1":{"start":{"line":2,"column":13},"end":{"line":2,"column":14}},"2":{"start":{"line":5,"column":2},"end":{"line":5,"column":13}},"3":{"start":{"line":6,"column":2},"end":{"line":6,"column":22}},"4":{"start":{"line":12,"column":2},"end":{"line":14,"column":3}},"5":{"start":{"line":13,"column":4},"end":{"line":13,"column":17}},"6":{"start":{"line":16,"column":17},"end":{"line":23,"column":3}},"7":{"start":{"line":25,"column":2},"end":{"line":25,"column":24}},"8":{"start":{"line":26,"column":2},"end":{"line":26,"column":16}},"9":{"start":{"line":30,"column":2},"end":{"line":30,"column":18}},"10":{"start":{"line":34,"column":0},"end":{"line":34,"column":59}}},"fnMap":{"0":{"name":"resetState","decl":{"start":{"line":4,"column":9},"end":{"line":4,"column":19}},"loc":{"start":{"line":4,"column":22},"end":{"line":7,"column":1}},"line":4},"1":{"name":"addOne","decl":{"start":{"line":10,"column":9},"end":{"line":10,"column":15}},"loc":{"start":{"line":10,"column":51},"end":{"line":27,"column":1}},"line":10},"2":{"name":"getAll","decl":{"start":{"line":29,"column":9},"end":{"line":29,"column":15}},"loc":{"start":{"line":29,"column":18},"end":{"line":31,"column":1}},"line":29}},"branchMap":{"0":{"loc":{"start":{"line":12,"column":2},"end":{"line":14,"column":3}},"type":"if","locations":[{"start":{"line":12,"column":2},"end":{"line":14,"column":3}},{"start":{},"end":{}}],"line":12},"1":{"loc":{"start":{"line":12,"column":6},"end":{"line":12,"column":52}},"type":"binary-expr","locations":[{"start":{"line":12,"column":6},"end":{"line":12,"column":11}},{"start":{"line":12,"column":15},"end":{"line":12,"column":23}},{"start":{"line":12,"column":27},"end":{"line":12,"column":31}},{"start":{"line":12,"column":35},"end":{"line":12,"column":41}},{"start":{"line":12,"column":45},"end":{"line":12,"column":52}}],"line":12}},"s":{"0":1,"1":1,"2":5,"3":5,"4":6,"5":2,"6":4,"7":4,"8":4,"9":3,"10":1},"f":{"0":5,"1":6,"2":3},"b":{"0":[2,4],"1":[6,5,5,5,5]},"_coverageSchema":"1a1c01bbd47fc00a2c39e90264f33305004495a9","hash":"57e6e3b122737d85efd25dc4def02d0c6d1327b6"}
,"D:\\dev\\1-modern-sw\\sessions\\session6\\material\\src\\petManager3.js": {"path":"D:\\dev\\1-modern-sw\\sessions\\session6\\material\\src\\petManager3.js","statementMap":{"0":{"start":{"line":1,"column":17},"end":{"line":1,"column":19}},"1":{"start":{"line":2,"column":13},"end":{"line":2,"column":14}},"2":{"start":{"line":5,"column":2},"end":{"line":5,"column":13}},"3":{"start":{"line":6,"column":2},"end":{"line":6,"column":22}},"4":{"start":{"line":12,"column":2},"end":{"line":14,"column":3}},"5":{"start":{"line":13,"column":4},"end":{"line":13,"column":17}},"6":{"start":{"line":16,"column":17},"end":{"line":23,"column":3}},"7":{"start":{"line":25,"column":2},"end":{"line":25,"column":24}},"8":{"start":{"line":26,"column":2},"end":{"line":26,"column":16}},"9":{"start":{"line":30,"column":2},"end":{"line":30,"column":18}},"10":{"start":{"line":36,"column":14},"end":{"line":36,"column":49}},"11":{"start":{"line":36,"column":35},"end":{"line":36,"column":48}},"12":{"start":{"line":37,"column":2},"end":{"line":39,"column":3}},"13":{"start":{"line":38,"column":4},"end":{"line":38,"column":17}},"14":{"start":{"line":42,"column":2},"end":{"line":42,"column":37}},"15":{"start":{"line":43,"column":2},"end":{"line":43,"column":13}},"16":{"start":{"line":46,"column":0},"end":{"line":46,"column":66}}},"fnMap":{"0":{"name":"resetState","decl":{"start":{"line":4,"column":9},"end":{"line":4,"column":19}},"loc":{"start":{"line":4,"column":22},"end":{"line":7,"column":1}},"line":4},"1":{"name":"addOne","decl":{"start":{"line":10,"column":9},"end":{"line":10,"column":15}},"loc":{"start":{"line":10,"column":51},"end":{"line":27,"column":1}},"line":10},"2":{"name":"getAll","decl":{"start":{"line":29,"column":9},"end":{"line":29,"column":15}},"loc":{"start":{"line":29,"column":18},"end":{"line":31,"column":1}},"line":29},"3":{"name":"update","decl":{"start":{"line":34,"column":9},"end":{"line":34,"column":15}},"loc":{"start":{"line":34,"column":36},"end":{"line":44,"column":1}},"line":34},"4":{"name":"(anonymous_4)","decl":{"start":{"line":36,"column":28},"end":{"line":36,"column":29}},"loc":{"start":{"line":36,"column":35},"end":{"line":36,"column":48}},"line":36}},"branchMap":{"0":{"loc":{"start":{"line":12,"column":2},"end":{"line":14,"column":3}},"type":"if","locations":[{"start":{"line":12,"column":2},"end":{"line":14,"column":3}},{"start":{},"end":{}}],"line":12},"1":{"loc":{"start":{"line":12,"column":6},"end":{"line":12,"column":52}},"type":"binary-expr","locations":[{"start":{"line":12,"column":6},"end":{"line":12,"column":11}},{"start":{"line":12,"column":15},"end":{"line":12,"column":23}},{"start":{"line":12,"column":27},"end":{"line":12,"column":31}},{"start":{"line":12,"column":35},"end":{"line":12,"column":41}},{"start":{"line":12,"column":45},"end":{"line":12,"column":52}}],"line":12},"2":{"loc":{"start":{"line":37,"column":2},"end":{"line":39,"column":3}},"type":"if","locations":[{"start":{"line":37,"column":2},"end":{"line":39,"column":3}},{"start":{},"end":{}}],"line":37}},"s":{"0":1,"1":1,"2":8,"3":8,"4":8,"5":2,"6":6,"7":6,"8":6,"9":4,"10":2,"11":1,"12":2,"13":1,"14":1,"15":1,"16":1},"f":{"0":8,"1":8,"2":4,"3":2,"4":1},"b":{"0":[2,6],"1":[8,7,7,7,7],"2":[1,1]},"_coverageSchema":"1a1c01bbd47fc00a2c39e90264f33305004495a9","hash":"1b398d0a45b08128d74e2494036dfc1f830f87ad"}
,"D:\\dev\\1-modern-sw\\sessions\\session6\\material\\src\\petManager4.js": {"path":"D:\\dev\\1-modern-sw\\sessions\\session6\\material\\src\\petManager4.js","statementMap":{"0":{"start":{"line":1,"column":17},"end":{"line":1,"column":19}},"1":{"start":{"line":2,"column":13},"end":{"line":2,"column":14}},"2":{"start":{"line":5,"column":2},"end":{"line":5,"column":13}},"3":{"start":{"line":6,"column":2},"end":{"line":6,"column":22}},"4":{"start":{"line":12,"column":2},"end":{"line":14,"column":3}},"5":{"start":{"line":13,"column":4},"end":{"line":13,"column":17}},"6":{"start":{"line":16,"column":17},"end":{"line":23,"column":3}},"7":{"start":{"line":25,"column":2},"end":{"line":25,"column":24}},"8":{"start":{"line":27,"column":2},"end":{"line":27,"column":16}},"9":{"start":{"line":31,"column":2},"end":{"line":31,"column":18}},"10":{"start":{"line":37,"column":14},"end":{"line":37,"column":49}},"11":{"start":{"line":37,"column":35},"end":{"line":37,"column":48}},"12":{"start":{"line":38,"column":2},"end":{"line":40,"column":3}},"13":{"start":{"line":39,"column":4},"end":{"line":39,"column":17}},"14":{"start":{"line":43,"column":2},"end":{"line":43,"column":37}},"15":{"start":{"line":44,"column":2},"end":{"line":44,"column":13}},"16":{"start":{"line":49,"column":16},"end":{"line":49,"column":56}},"17":{"start":{"line":49,"column":42},"end":{"line":49,"column":55}},"18":{"start":{"line":50,"column":2},"end":{"line":52,"column":3}},"19":{"start":{"line":51,"column":4},"end":{"line":51,"column":17}},"20":{"start":{"line":54,"column":21},"end":{"line":54,"column":46}},"21":{"start":{"line":55,"column":2},"end":{"line":55,"column":23}},"22":{"start":{"line":58,"column":0},"end":{"line":58,"column":77}}},"fnMap":{"0":{"name":"resetState","decl":{"start":{"line":4,"column":9},"end":{"line":4,"column":19}},"loc":{"start":{"line":4,"column":22},"end":{"line":7,"column":1}},"line":4},"1":{"name":"addOne","decl":{"start":{"line":10,"column":9},"end":{"line":10,"column":15}},"loc":{"start":{"line":10,"column":51},"end":{"line":28,"column":1}},"line":10},"2":{"name":"getAll","decl":{"start":{"line":30,"column":9},"end":{"line":30,"column":15}},"loc":{"start":{"line":30,"column":18},"end":{"line":32,"column":1}},"line":30},"3":{"name":"update","decl":{"start":{"line":35,"column":9},"end":{"line":35,"column":15}},"loc":{"start":{"line":35,"column":36},"end":{"line":45,"column":1}},"line":35},"4":{"name":"(anonymous_4)","decl":{"start":{"line":37,"column":28},"end":{"line":37,"column":29}},"loc":{"start":{"line":37,"column":35},"end":{"line":37,"column":48}},"line":37},"5":{"name":"deletePet","decl":{"start":{"line":47,"column":9},"end":{"line":47,"column":18}},"loc":{"start":{"line":47,"column":23},"end":{"line":56,"column":1}},"line":47},"6":{"name":"(anonymous_6)","decl":{"start":{"line":49,"column":35},"end":{"line":49,"column":36}},"loc":{"start":{"line":49,"column":42},"end":{"line":49,"column":55}},"line":49}},"branchMap":{"0":{"loc":{"start":{"line":12,"column":2},"end":{"line":14,"column":3}},"type":"if","locations":[{"start":{"line":12,"column":2},"end":{"line":14,"column":3}},{"start":{},"end":{}}],"line":12},"1":{"loc":{"start":{"line":12,"column":6},"end":{"line":12,"column":52}},"type":"binary-expr","locations":[{"start":{"line":12,"column":6},"end":{"line":12,"column":11}},{"start":{"line":12,"column":15},"end":{"line":12,"column":23}},{"start":{"line":12,"column":27},"end":{"line":12,"column":31}},{"start":{"line":12,"column":35},"end":{"line":12,"column":41}},{"start":{"line":12,"column":45},"end":{"line":12,"column":52}}],"line":12},"2":{"loc":{"start":{"line":38,"column":2},"end":{"line":40,"column":3}},"type":"if","locations":[{"start":{"line":38,"column":2},"end":{"line":40,"column":3}},{"start":{},"end":{}}],"line":38},"3":{"loc":{"start":{"line":50,"column":2},"end":{"line":52,"column":3}},"type":"if","locations":[{"start":{"line":50,"column":2},"end":{"line":52,"column":3}},{"start":{},"end":{}}],"line":50}},"s":{"0":1,"1":1,"2":10,"3":10,"4":9,"5":2,"6":7,"7":7,"8":7,"9":4,"10":2,"11":1,"12":2,"13":1,"14":1,"15":1,"16":2,"17":1,"18":2,"19":1,"20":1,"21":1,"22":1},"f":{"0":10,"1":9,"2":4,"3":2,"4":1,"5":2,"6":1},"b":{"0":[2,7],"1":[9,8,8,8,8],"2":[1,1],"3":[1,1]},"_coverageSchema":"1a1c01bbd47fc00a2c39e90264f33305004495a9","hash":"ca5c1f11c6435cc595c1fdbb9f8de0c7c0c2f80d"}
,"D:\\dev\\1-modern-sw\\sessions\\session6\\material\\src\\petManager5.js": {"path":"D:\\dev\\1-modern-sw\\sessions\\session6\\material\\src\\petManager5.js","statementMap":{"0":{"start":{"line":1,"column":17},"end":{"line":1,"column":19}},"1":{"start":{"line":2,"column":13},"end":{"line":2,"column":14}},"2":{"start":{"line":5,"column":2},"end":{"line":5,"column":13}},"3":{"start":{"line":6,"column":2},"end":{"line":6,"column":22}},"4":{"start":{"line":12,"column":2},"end":{"line":14,"column":3}},"5":{"start":{"line":13,"column":4},"end":{"line":13,"column":17}},"6":{"start":{"line":16,"column":17},"end":{"line":23,"column":3}},"7":{"start":{"line":25,"column":2},"end":{"line":25,"column":24}},"8":{"start":{"line":26,"column":2},"end":{"line":26,"column":16}},"9":{"start":{"line":30,"column":2},"end":{"line":30,"column":18}},"10":{"start":{"line":36,"column":14},"end":{"line":36,"column":49}},"11":{"start":{"line":36,"column":35},"end":{"line":36,"column":48}},"12":{"start":{"line":37,"column":2},"end":{"line":39,"column":3}},"13":{"start":{"line":38,"column":4},"end":{"line":38,"column":17}},"14":{"start":{"line":42,"column":2},"end":{"line":42,"column":37}},"15":{"start":{"line":43,"column":2},"end":{"line":43,"column":13}},"16":{"start":{"line":48,"column":16},"end":{"line":48,"column":56}},"17":{"start":{"line":48,"column":42},"end":{"line":48,"column":55}},"18":{"start":{"line":49,"column":2},"end":{"line":51,"column":3}},"19":{"start":{"line":50,"column":4},"end":{"line":50,"column":17}},"20":{"start":{"line":53,"column":21},"end":{"line":53,"column":46}},"21":{"start":{"line":54,"column":2},"end":{"line":54,"column":23}},"22":{"start":{"line":57,"column":0},"end":{"line":57,"column":77}}},"fnMap":{"0":{"name":"resetState","decl":{"start":{"line":4,"column":9},"end":{"line":4,"column":19}},"loc":{"start":{"line":4,"column":22},"end":{"line":7,"column":1}},"line":4},"1":{"name":"addOne","decl":{"start":{"line":10,"column":9},"end":{"line":10,"column":15}},"loc":{"start":{"line":10,"column":51},"end":{"line":27,"column":1}},"line":10},"2":{"name":"getAll","decl":{"start":{"line":29,"column":9},"end":{"line":29,"column":15}},"loc":{"start":{"line":29,"column":18},"end":{"line":31,"column":1}},"line":29},"3":{"name":"update","decl":{"start":{"line":34,"column":9},"end":{"line":34,"column":15}},"loc":{"start":{"line":34,"column":36},"end":{"line":44,"column":1}},"line":34},"4":{"name":"(anonymous_4)","decl":{"start":{"line":36,"column":28},"end":{"line":36,"column":29}},"loc":{"start":{"line":36,"column":35},"end":{"line":36,"column":48}},"line":36},"5":{"name":"deletePet","decl":{"start":{"line":46,"column":9},"end":{"line":46,"column":18}},"loc":{"start":{"line":46,"column":23},"end":{"line":55,"column":1}},"line":46},"6":{"name":"(anonymous_6)","decl":{"start":{"line":48,"column":35},"end":{"line":48,"column":36}},"loc":{"start":{"line":48,"column":42},"end":{"line":48,"column":55}},"line":48}},"branchMap":{"0":{"loc":{"start":{"line":12,"column":2},"end":{"line":14,"column":3}},"type":"if","locations":[{"start":{"line":12,"column":2},"end":{"line":14,"column":3}},{"start":{},"end":{}}],"line":12},"1":{"loc":{"start":{"line":12,"column":6},"end":{"line":12,"column":52}},"type":"binary-expr","locations":[{"start":{"line":12,"column":6},"end":{"line":12,"column":11}},{"start":{"line":12,"column":15},"end":{"line":12,"column":23}},{"start":{"line":12,"column":27},"end":{"line":12,"column":31}},{"start":{"line":12,"column":35},"end":{"line":12,"column":41}},{"start":{"line":12,"column":45},"end":{"line":12,"column":52}}],"line":12},"2":{"loc":{"start":{"line":37,"column":2},"end":{"line":39,"column":3}},"type":"if","locations":[{"start":{"line":37,"column":2},"end":{"line":39,"column":3}},{"start":{},"end":{}}],"line":37},"3":{"loc":{"start":{"line":49,"column":2},"end":{"line":51,"column":3}},"type":"if","locations":[{"start":{"line":49,"column":2},"end":{"line":51,"column":3}},{"start":{},"end":{}}],"line":49}},"s":{"0":1,"1":1,"2":9,"3":9,"4":8,"5":2,"6":6,"7":6,"8":6,"9":3,"10":2,"11":1,"12":2,"13":1,"14":1,"15":1,"16":2,"17":1,"18":2,"19":1,"20":1,"21":1,"22":1},"f":{"0":9,"1":8,"2":3,"3":2,"4":1,"5":2,"6":1},"b":{"0":[2,6],"1":[8,7,7,7,7],"2":[1,1],"3":[1,1]},"_coverageSchema":"1a1c01bbd47fc00a2c39e90264f33305004495a9","hash":"230b07042d1252d4599c7a1e8cc6efeef673b9d3"}
,"D:\\dev\\1-modern-sw\\sessions\\session6\\material\\src\\userManager.js": {"path":"D:\\dev\\1-modern-sw\\sessions\\session6\\material\\src\\userManager.js","statementMap":{"0":{"start":{"line":25,"column":12},"end":{"line":25,"column":21}},"1":{"start":{"line":26,"column":13},"end":{"line":26,"column":14}},"2":{"start":{"line":29,"column":2},"end":{"line":29,"column":16}},"3":{"start":{"line":30,"column":2},"end":{"line":30,"column":13}},"4":{"start":{"line":34,"column":2},"end":{"line":34,"column":36}},"5":{"start":{"line":34,"column":23},"end":{"line":34,"column":36}},"6":{"start":{"line":36,"column":18},"end":{"line":36,"column":45}},"7":{"start":{"line":37,"column":2},"end":{"line":37,"column":29}},"8":{"start":{"line":38,"column":2},"end":{"line":38,"column":11}},"9":{"start":{"line":40,"column":2},"end":{"line":40,"column":17}},"10":{"start":{"line":44,"column":2},"end":{"line":44,"column":36}},"11":{"start":{"line":47,"column":0},"end":{"line":47,"column":51}}},"fnMap":{"0":{"name":"resetUsers","decl":{"start":{"line":28,"column":9},"end":{"line":28,"column":19}},"loc":{"start":{"line":28,"column":22},"end":{"line":31,"column":1}},"line":28},"1":{"name":"addUser","decl":{"start":{"line":33,"column":9},"end":{"line":33,"column":16}},"loc":{"start":{"line":33,"column":30},"end":{"line":41,"column":1}},"line":33},"2":{"name":"getUsers","decl":{"start":{"line":43,"column":9},"end":{"line":43,"column":17}},"loc":{"start":{"line":43,"column":20},"end":{"line":45,"column":1}},"line":43}},"branchMap":{"0":{"loc":{"start":{"line":34,"column":2},"end":{"line":34,"column":36}},"type":"if","locations":[{"start":{"line":34,"column":2},"end":{"line":34,"column":36}},{"start":{},"end":{}}],"line":34},"1":{"loc":{"start":{"line":34,"column":6},"end":{"line":34,"column":21}},"type":"binary-expr","locations":[{"start":{"line":34,"column":6},"end":{"line":34,"column":11}},{"start":{"line":34,"column":15},"end":{"line":34,"column":21}}],"line":34}},"s":{"0":2,"1":2,"2":5,"3":5,"4":7,"5":1,"6":6,"7":6,"8":6,"9":6,"10":4,"11":2},"f":{"0":5,"1":7,"2":4},"b":{"0":[1,6],"1":[7,7]},"_coverageSchema":"1a1c01bbd47fc00a2c39e90264f33305004495a9","hash":"79a88337c8f53fc7cf35387619e96457908dad94"}
,"D:\\dev\\1-modern-sw\\sessions\\session6\\material\\src\\workoutManager.js": {"path":"D:\\dev\\1-modern-sw\\sessions\\session6\\material\\src\\workoutManager.js","statementMap":{"0":{"start":{"line":24,"column":15},"end":{"line":24,"column":24}},"1":{"start":{"line":25,"column":13},"end":{"line":25,"column":14}},"2":{"start":{"line":28,"column":2},"end":{"line":28,"column":19}},"3":{"start":{"line":29,"column":2},"end":{"line":29,"column":13}},"4":{"start":{"line":33,"column":2},"end":{"line":33,"column":39}},"5":{"start":{"line":33,"column":26},"end":{"line":33,"column":39}},"6":{"start":{"line":35,"column":21},"end":{"line":35,"column":51}},"7":{"start":{"line":36,"column":2},"end":{"line":36,"column":35}},"8":{"start":{"line":37,"column":2},"end":{"line":37,"column":11}},"9":{"start":{"line":39,"column":2},"end":{"line":39,"column":20}},"10":{"start":{"line":43,"column":2},"end":{"line":43,"column":39}},"11":{"start":{"line":46,"column":0},"end":{"line":46,"column":60}}},"fnMap":{"0":{"name":"resetWorkouts","decl":{"start":{"line":27,"column":9},"end":{"line":27,"column":22}},"loc":{"start":{"line":27,"column":25},"end":{"line":30,"column":1}},"line":27},"1":{"name":"addWorkout","decl":{"start":{"line":32,"column":9},"end":{"line":32,"column":19}},"loc":{"start":{"line":32,"column":36},"end":{"line":40,"column":1}},"line":32},"2":{"name":"getWorkouts","decl":{"start":{"line":42,"column":9},"end":{"line":42,"column":20}},"loc":{"start":{"line":42,"column":23},"end":{"line":44,"column":1}},"line":42}},"branchMap":{"0":{"loc":{"start":{"line":33,"column":2},"end":{"line":33,"column":39}},"type":"if","locations":[{"start":{"line":33,"column":2},"end":{"line":33,"column":39}},{"start":{},"end":{}}],"line":33},"1":{"loc":{"start":{"line":33,"column":6},"end":{"line":33,"column":24}},"type":"binary-expr","locations":[{"start":{"line":33,"column":6},"end":{"line":33,"column":11}},{"start":{"line":33,"column":15},"end":{"line":33,"column":24}}],"line":33}},"s":{"0":1,"1":1,"2":3,"3":3,"4":4,"5":1,"6":3,"7":3,"8":3,"9":3,"10":2,"11":1},"f":{"0":3,"1":4,"2":2},"b":{"0":[1,3],"1":[4,4]},"_coverageSchema":"1a1c01bbd47fc00a2c39e90264f33305004495a9","hash":"e505303a9b141a6c8ec195cbfc4fd1627ffa5323"}
}
