TN:
SF:blogManager.js
FN:28,resetBlogs
FN:33,addBlog
FN:43,getBlogs
FNF:3
FNH:3
FNDA:3,resetBlogs
FNDA:4,addBlog
FNDA:2,getBlogs
DA:25,1
DA:26,1
DA:29,3
DA:30,3
DA:34,4
DA:36,3
DA:37,3
DA:38,3
DA:40,3
DA:44,2
DA:47,1
LF:11
LH:11
BRDA:34,0,0,1
BRDA:34,0,1,3
BRDA:34,1,0,4
BRDA:34,1,1,4
BRF:4
BRH:4
end_of_record
TN:
SF:calculator.js
FN:2,(anonymous_0)
FN:3,(anonymous_1)
FN:4,(anonymous_2)
FNF:3
FNH:3
FNDA:2,(anonymous_0)
FNDA:2,(anonymous_1)
FNDA:2,(anonymous_2)
DA:1,1
DA:2,2
DA:3,2
DA:5,2
DA:6,1
DA:10,1
LF:6
LH:6
BRDA:5,0,0,1
BRDA:5,0,1,1
BRF:2
BRH:2
end_of_record
TN:
SF:petManager1.js
FN:4,resetState
FN:9,addOne
FNF:2
FNH:2
FNDA:2,resetState
FNDA:3,addOne
DA:1,1
DA:2,1
DA:5,2
DA:6,2
DA:10,3
DA:11,2
DA:14,1
DA:23,1
DA:24,1
DA:28,1
LF:10
LH:10
BRDA:10,0,0,2
BRDA:10,0,1,1
BRDA:10,1,0,3
BRDA:10,1,1,2
BRDA:10,1,2,2
BRDA:10,1,3,2
BRDA:10,1,4,2
BRF:7
BRH:7
end_of_record
TN:
SF:petManager2.js
FN:4,resetState
FN:10,addOne
FN:29,getAll
FNF:3
FNH:3
FNDA:5,resetState
FNDA:6,addOne
FNDA:3,getAll
DA:1,1
DA:2,1
DA:5,5
DA:6,5
DA:12,6
DA:13,2
DA:16,4
DA:25,4
DA:26,4
DA:30,3
DA:34,1
LF:11
LH:11
BRDA:12,0,0,2
BRDA:12,0,1,4
BRDA:12,1,0,6
BRDA:12,1,1,5
BRDA:12,1,2,5
BRDA:12,1,3,5
BRDA:12,1,4,5
BRF:7
BRH:7
end_of_record
TN:
SF:petManager3.js
FN:4,resetState
FN:10,addOne
FN:29,getAll
FN:34,update
FN:36,(anonymous_4)
FNF:5
FNH:5
FNDA:8,resetState
FNDA:8,addOne
FNDA:4,getAll
FNDA:2,update
FNDA:1,(anonymous_4)
DA:1,1
DA:2,1
DA:5,8
DA:6,8
DA:12,8
DA:13,2
DA:16,6
DA:25,6
DA:26,6
DA:30,4
DA:36,2
DA:37,2
DA:38,1
DA:42,1
DA:43,1
DA:46,1
LF:16
LH:16
BRDA:12,0,0,2
BRDA:12,0,1,6
BRDA:12,1,0,8
BRDA:12,1,1,7
BRDA:12,1,2,7
BRDA:12,1,3,7
BRDA:12,1,4,7
BRDA:37,2,0,1
BRDA:37,2,1,1
BRF:9
BRH:9
end_of_record
TN:
SF:petManager4.js
FN:4,resetState
FN:10,addOne
FN:30,getAll
FN:35,update
FN:37,(anonymous_4)
FN:47,deletePet
FN:49,(anonymous_6)
FNF:7
FNH:7
FNDA:10,resetState
FNDA:9,addOne
FNDA:4,getAll
FNDA:2,update
FNDA:1,(anonymous_4)
FNDA:2,deletePet
FNDA:1,(anonymous_6)
DA:1,1
DA:2,1
DA:5,10
DA:6,10
DA:12,9
DA:13,2
DA:16,7
DA:25,7
DA:27,7
DA:31,4
DA:37,2
DA:38,2
DA:39,1
DA:43,1
DA:44,1
DA:49,2
DA:50,2
DA:51,1
DA:54,1
DA:55,1
DA:58,1
LF:21
LH:21
BRDA:12,0,0,2
BRDA:12,0,1,7
BRDA:12,1,0,9
BRDA:12,1,1,8
BRDA:12,1,2,8
BRDA:12,1,3,8
BRDA:12,1,4,8
BRDA:38,2,0,1
BRDA:38,2,1,1
BRDA:50,3,0,1
BRDA:50,3,1,1
BRF:11
BRH:11
end_of_record
TN:
SF:petManager5.js
FN:4,resetState
FN:10,addOne
FN:29,getAll
FN:34,update
FN:36,(anonymous_4)
FN:46,deletePet
FN:48,(anonymous_6)
FNF:7
FNH:7
FNDA:9,resetState
FNDA:8,addOne
FNDA:3,getAll
FNDA:2,update
FNDA:1,(anonymous_4)
FNDA:2,deletePet
FNDA:1,(anonymous_6)
DA:1,1
DA:2,1
DA:5,9
DA:6,9
DA:12,8
DA:13,2
DA:16,6
DA:25,6
DA:26,6
DA:30,3
DA:36,2
DA:37,2
DA:38,1
DA:42,1
DA:43,1
DA:48,2
DA:49,2
DA:50,1
DA:53,1
DA:54,1
DA:57,1
LF:21
LH:21
BRDA:12,0,0,2
BRDA:12,0,1,6
BRDA:12,1,0,8
BRDA:12,1,1,7
BRDA:12,1,2,7
BRDA:12,1,3,7
BRDA:12,1,4,7
BRDA:37,2,0,1
BRDA:37,2,1,1
BRDA:49,3,0,1
BRDA:49,3,1,1
BRF:11
BRH:11
end_of_record
TN:
SF:userManager.js
FN:28,resetUsers
FN:33,addUser
FN:43,getUsers
FNF:3
FNH:3
FNDA:5,resetUsers
FNDA:7,addUser
FNDA:4,getUsers
DA:25,2
DA:26,2
DA:29,5
DA:30,5
DA:34,7
DA:36,6
DA:37,6
DA:38,6
DA:40,6
DA:44,4
DA:47,2
LF:11
LH:11
BRDA:34,0,0,1
BRDA:34,0,1,6
BRDA:34,1,0,7
BRDA:34,1,1,7
BRF:4
BRH:4
end_of_record
TN:
SF:workoutManager.js
FN:27,resetWorkouts
FN:32,addWorkout
FN:42,getWorkouts
FNF:3
FNH:3
FNDA:3,resetWorkouts
FNDA:4,addWorkout
FNDA:2,getWorkouts
DA:24,1
DA:25,1
DA:28,3
DA:29,3
DA:33,4
DA:35,3
DA:36,3
DA:37,3
DA:39,3
DA:43,2
DA:46,1
LF:11
LH:11
BRDA:33,0,0,1
BRDA:33,0,1,3
BRDA:33,1,0,4
BRDA:33,1,1,4
BRF:4
BRH:4
end_of_record
